<?xml version="1.0" encoding="UTF-8"?>
<!-- Generated by org.testng.reporters.JUnitReportReporter -->
<testsuite hostname="Nikunj" failures="0" tests="3" name="groups.Payment" time="0.000" errors="0" timestamp="2024-09-18T11:13:20 IST" skipped="0">
  <testcase classname="groups.Payment" name="debitCard" time="0.000"/>
  <testcase classname="groups.Payment" name="creditCard" time="0.000"/>
  <testcase classname="groups.Payment" name="cod" time="0.000"/>
</testsuite> <!-- groups.Payment -->
